<?xml version="1.0" encoding="UTF-8"?>
<testsuites name="TC_amazon_validate_search_item-001" time="128.587" tests="4" failures="0" errors="0">
   <testsuite name="TC_amazon_validate_search_item-001" tests="4" failures="0" errors="0" time="128.587" skipped="0" timestamp="03-02-2024T19:10:13" hostname="ennap - LAPTOP-LI9S114J" id="Test Suites/Data_driven_testing_Test_Suite/TC_amazon_validate_search_item-001">
      <properties>
         <property name="deviceName" value=""/>
         <property name="devicePlatform" value=""/>
         <property name="logFolder" value="C:\\Users\\ennap\\git\\Katalon_Automation_Amazon_testing_SB_001\\Reports\\20240203_191010\\Data_driven_testing_Test_Suite\\TC_amazon_validate_search_item-001\\20240203_191010"/>
         <property name="logFiles" value="C:\\Users\\ennap\\git\\Katalon_Automation_Amazon_testing_SB_001\\Reports\\20240203_191010\\Data_driven_testing_Test_Suite\\TC_amazon_validate_search_item-001\\20240203_191010\\execution0.log"/>
         <property name="attachments" value=""/>
         <property name="hostName" value="ennap - LAPTOP-LI9S114J"/>
         <property name="os" value="Windows 11 64bit"/>
         <property name="katalonVersion" value="9.2.0.212"/>
         <property name="browser" value="Chrome 121.0.0.0"/>
         <property name="hostAddress" value="192.168.1.13"/>
         <property name="sessionId" value="ce1080285e2af8043945a51239280f89"/>
         <property name="seleniumVersion" value="3.141.59"/>
         <property name="proxyInformation" value="ProxyInformation { proxyOption=NO_PROXY, proxyServerType=HTTP, username=, password=********, proxyServerAddress=, proxyServerPort=0, executionList=&quot;&quot;, isApplyToDesiredCapabilities=true }"/>
         <property name="platform" value="Windows 11"/>
      </properties>
      <testcase name="Test Cases/Data_driven_testing/TC_amazon_validate_search_item-001" time="22.643" classname="Test Cases/Data_driven_testing/TC_amazon_validate_search_item-001" status="PASSED">
         <system-out><![CDATA[03-02-2024T19:10:14 - [TEST_CASE][PASSED] - Test Cases/Data_driven_testing/TC_amazon_validate_search_item-001: Test Cases/Data_driven_testing/TC_amazon_validate_search_item-001

03-02-2024T19:10:14 - [TEST_STEP][PASSED] - openBrowser(""): Browser is opened with url: ''

03-02-2024T19:10:14 - [MESSAGE][INFO] - Starting 'Chrome' driver

03-02-2024T19:10:14 - [MESSAGE][INFO] - Action delay is set to 0 milliseconds

03-02-2024T19:10:15 - [MESSAGE][PASSED] - Browser is opened with url: ''

03-02-2024T19:10:15 - [TEST_STEP][PASSED] - navigateToUrl("https://www.amazon.com/"): Navigate to 'https://www.amazon.com/' successfully

03-02-2024T19:10:17 - [MESSAGE][PASSED] - Navigate to 'https://www.amazon.com/' successfully

03-02-2024T19:10:17 - [TEST_STEP][PASSED] - selectOptionByLabel(findTestObject("Object Repository/AmazonPages_searchOR/Page_Amazon.com. Spend less. Smile more/select_All Departments        Arts  Crafts _135c92"), category, false): All options with label 'Books' are selected in object 'Object Repository/AmazonPages_searchOR/Page_Amazon.com. Spend less. Smile more/select_All Departments        Arts  Crafts _135c92' 

03-02-2024T19:10:27 - [MESSAGE][PASSED] - All options with label 'Books' are selected in object 'Object Repository/AmazonPages_searchOR/Page_Amazon.com. Spend less. Smile more/select_All Departments        Arts  Crafts _135c92' 

03-02-2024T19:10:27 - [TEST_STEP][PASSED] - setText(findTestObject("Object Repository/AmazonPages_searchOR/Page_Amazon.com. Spend less. Smile more/input_field-keywords"), Item): Text 'Da vinci code' is set on object 'Object Repository/AmazonPages_searchOR/Page_Amazon.com. Spend less. Smile more/input_field-keywords'

03-02-2024T19:10:28 - [MESSAGE][PASSED] - Text 'Da vinci code' is set on object 'Object Repository/AmazonPages_searchOR/Page_Amazon.com. Spend less. Smile more/input_field-keywords'

03-02-2024T19:10:28 - [TEST_STEP][PASSED] - click(findTestObject("Object Repository/AmazonPages_searchOR/Page_Amazon.com. Spend less. Smile more/inputnav-search-submit-button")): Object: 'Object Repository/AmazonPages_searchOR/Page_Amazon.com. Spend less. Smile more/inputnav-search-submit-button' is clicked on

03-02-2024T19:10:36 - [MESSAGE][PASSED] - Object: 'Object Repository/AmazonPages_searchOR/Page_Amazon.com. Spend less. Smile more/inputnav-search-submit-button' is clicked on

03-02-2024T19:10:36 - [TEST_STEP][PASSED] - closeBrowser(): Browser is closed

03-02-2024T19:10:36 - [MESSAGE][PASSED] - Browser is closed]]></system-out>
         <system-err><![CDATA[]]></system-err>
      </testcase>
      <testcase name="Test Cases/Data_driven_testing/TC_amazon_validate_search_item-001" time="30.597" classname="Test Cases/Data_driven_testing/TC_amazon_validate_search_item-001" status="PASSED">
         <system-out><![CDATA[03-02-2024T19:10:36 - [TEST_CASE][PASSED] - Test Cases/Data_driven_testing/TC_amazon_validate_search_item-001: Test Cases/Data_driven_testing/TC_amazon_validate_search_item-001

03-02-2024T19:10:36 - [TEST_STEP][PASSED] - openBrowser(""): Browser is opened with url: ''

03-02-2024T19:10:36 - [MESSAGE][INFO] - Starting 'Chrome' driver

03-02-2024T19:10:36 - [MESSAGE][INFO] - Action delay is set to 0 milliseconds

03-02-2024T19:10:37 - [MESSAGE][PASSED] - Browser is opened with url: ''

03-02-2024T19:10:37 - [TEST_STEP][PASSED] - navigateToUrl("https://www.amazon.com/"): Navigate to 'https://www.amazon.com/' successfully

03-02-2024T19:10:38 - [MESSAGE][PASSED] - Navigate to 'https://www.amazon.com/' successfully

03-02-2024T19:10:38 - [TEST_STEP][PASSED] - selectOptionByLabel(findTestObject("Object Repository/AmazonPages_searchOR/Page_Amazon.com. Spend less. Smile more/select_All Departments        Arts  Crafts _135c92"), category, false): All options with label 'Electronics' are selected in object 'Object Repository/AmazonPages_searchOR/Page_Amazon.com. Spend less. Smile more/select_All Departments        Arts  Crafts _135c92' 

03-02-2024T19:10:46 - [MESSAGE][PASSED] - All options with label 'Electronics' are selected in object 'Object Repository/AmazonPages_searchOR/Page_Amazon.com. Spend less. Smile more/select_All Departments        Arts  Crafts _135c92' 

03-02-2024T19:10:46 - [TEST_STEP][PASSED] - setText(findTestObject("Object Repository/AmazonPages_searchOR/Page_Amazon.com. Spend less. Smile more/input_field-keywords"), Item): Text 'Mobile phones' is set on object 'Object Repository/AmazonPages_searchOR/Page_Amazon.com. Spend less. Smile more/input_field-keywords'

03-02-2024T19:10:47 - [MESSAGE][PASSED] - Text 'Mobile phones' is set on object 'Object Repository/AmazonPages_searchOR/Page_Amazon.com. Spend less. Smile more/input_field-keywords'

03-02-2024T19:10:47 - [TEST_STEP][PASSED] - click(findTestObject("Object Repository/AmazonPages_searchOR/Page_Amazon.com. Spend less. Smile more/inputnav-search-submit-button")): Object: 'Object Repository/AmazonPages_searchOR/Page_Amazon.com. Spend less. Smile more/inputnav-search-submit-button' is clicked on

03-02-2024T19:11:07 - [MESSAGE][PASSED] - Object: 'Object Repository/AmazonPages_searchOR/Page_Amazon.com. Spend less. Smile more/inputnav-search-submit-button' is clicked on

03-02-2024T19:11:07 - [TEST_STEP][PASSED] - closeBrowser(): Browser is closed

03-02-2024T19:11:07 - [MESSAGE][PASSED] - Browser is closed]]></system-out>
         <system-err><![CDATA[]]></system-err>
      </testcase>
      <testcase name="Test Cases/Data_driven_testing/TC_amazon_validate_search_item-001" time="31.742" classname="Test Cases/Data_driven_testing/TC_amazon_validate_search_item-001" status="PASSED">
         <system-out><![CDATA[03-02-2024T19:11:07 - [TEST_CASE][PASSED] - Test Cases/Data_driven_testing/TC_amazon_validate_search_item-001: Test Cases/Data_driven_testing/TC_amazon_validate_search_item-001

03-02-2024T19:11:07 - [TEST_STEP][PASSED] - openBrowser(""): Browser is opened with url: ''

03-02-2024T19:11:07 - [MESSAGE][INFO] - Starting 'Chrome' driver

03-02-2024T19:11:07 - [MESSAGE][INFO] - Action delay is set to 0 milliseconds

03-02-2024T19:11:08 - [MESSAGE][PASSED] - Browser is opened with url: ''

03-02-2024T19:11:08 - [TEST_STEP][PASSED] - navigateToUrl("https://www.amazon.com/"): Navigate to 'https://www.amazon.com/' successfully

03-02-2024T19:11:15 - [MESSAGE][PASSED] - Navigate to 'https://www.amazon.com/' successfully

03-02-2024T19:11:15 - [TEST_STEP][PASSED] - selectOptionByLabel(findTestObject("Object Repository/AmazonPages_searchOR/Page_Amazon.com. Spend less. Smile more/select_All Departments        Arts  Crafts _135c92"), category, false): All options with label 'Baby' are selected in object 'Object Repository/AmazonPages_searchOR/Page_Amazon.com. Spend less. Smile more/select_All Departments        Arts  Crafts _135c92' 

03-02-2024T19:11:17 - [MESSAGE][PASSED] - All options with label 'Baby' are selected in object 'Object Repository/AmazonPages_searchOR/Page_Amazon.com. Spend less. Smile more/select_All Departments        Arts  Crafts _135c92' 

03-02-2024T19:11:17 - [TEST_STEP][PASSED] - setText(findTestObject("Object Repository/AmazonPages_searchOR/Page_Amazon.com. Spend less. Smile more/input_field-keywords"), Item): Text 'walkers' is set on object 'Object Repository/AmazonPages_searchOR/Page_Amazon.com. Spend less. Smile more/input_field-keywords'

03-02-2024T19:11:19 - [MESSAGE][PASSED] - Text 'walkers' is set on object 'Object Repository/AmazonPages_searchOR/Page_Amazon.com. Spend less. Smile more/input_field-keywords'

03-02-2024T19:11:19 - [TEST_STEP][PASSED] - click(findTestObject("Object Repository/AmazonPages_searchOR/Page_Amazon.com. Spend less. Smile more/inputnav-search-submit-button")): Object: 'Object Repository/AmazonPages_searchOR/Page_Amazon.com. Spend less. Smile more/inputnav-search-submit-button' is clicked on

03-02-2024T19:11:38 - [MESSAGE][PASSED] - Object: 'Object Repository/AmazonPages_searchOR/Page_Amazon.com. Spend less. Smile more/inputnav-search-submit-button' is clicked on

03-02-2024T19:11:38 - [TEST_STEP][PASSED] - closeBrowser(): Browser is closed

03-02-2024T19:11:39 - [MESSAGE][PASSED] - Browser is closed]]></system-out>
         <system-err><![CDATA[]]></system-err>
      </testcase>
      <testcase name="Test Cases/Data_driven_testing/TC_amazon_validate_search_item-001" time="43.3" classname="Test Cases/Data_driven_testing/TC_amazon_validate_search_item-001" status="PASSED">
         <system-out><![CDATA[03-02-2024T19:11:39 - [TEST_CASE][PASSED] - Test Cases/Data_driven_testing/TC_amazon_validate_search_item-001: Test Cases/Data_driven_testing/TC_amazon_validate_search_item-001

03-02-2024T19:11:39 - [TEST_STEP][PASSED] - openBrowser(""): Browser is opened with url: ''

03-02-2024T19:11:39 - [MESSAGE][INFO] - Starting 'Chrome' driver

03-02-2024T19:11:39 - [MESSAGE][INFO] - Action delay is set to 0 milliseconds

03-02-2024T19:11:39 - [MESSAGE][PASSED] - Browser is opened with url: ''

03-02-2024T19:11:39 - [TEST_STEP][PASSED] - navigateToUrl("https://www.amazon.com/"): Navigate to 'https://www.amazon.com/' successfully

03-02-2024T19:11:41 - [MESSAGE][PASSED] - Navigate to 'https://www.amazon.com/' successfully

03-02-2024T19:11:41 - [TEST_STEP][PASSED] - selectOptionByLabel(findTestObject("Object Repository/AmazonPages_searchOR/Page_Amazon.com. Spend less. Smile more/select_All Departments        Arts  Crafts _135c92"), category, false): All options with label 'Luggage' are selected in object 'Object Repository/AmazonPages_searchOR/Page_Amazon.com. Spend less. Smile more/select_All Departments        Arts  Crafts _135c92' 

03-02-2024T19:12:08 - [MESSAGE][PASSED] - All options with label 'Luggage' are selected in object 'Object Repository/AmazonPages_searchOR/Page_Amazon.com. Spend less. Smile more/select_All Departments        Arts  Crafts _135c92' 

03-02-2024T19:12:08 - [TEST_STEP][PASSED] - setText(findTestObject("Object Repository/AmazonPages_searchOR/Page_Amazon.com. Spend less. Smile more/input_field-keywords"), Item): Text 'bags' is set on object 'Object Repository/AmazonPages_searchOR/Page_Amazon.com. Spend less. Smile more/input_field-keywords'

03-02-2024T19:12:09 - [MESSAGE][PASSED] - Text 'bags' is set on object 'Object Repository/AmazonPages_searchOR/Page_Amazon.com. Spend less. Smile more/input_field-keywords'

03-02-2024T19:12:09 - [TEST_STEP][PASSED] - click(findTestObject("Object Repository/AmazonPages_searchOR/Page_Amazon.com. Spend less. Smile more/inputnav-search-submit-button")): Object: 'Object Repository/AmazonPages_searchOR/Page_Amazon.com. Spend less. Smile more/inputnav-search-submit-button' is clicked on

03-02-2024T19:12:22 - [MESSAGE][PASSED] - Object: 'Object Repository/AmazonPages_searchOR/Page_Amazon.com. Spend less. Smile more/inputnav-search-submit-button' is clicked on

03-02-2024T19:12:22 - [TEST_STEP][PASSED] - closeBrowser(): Browser is closed

03-02-2024T19:12:22 - [MESSAGE][PASSED] - Browser is closed]]></system-out>
         <system-err><![CDATA[]]></system-err>
      </testcase>
      <system-out><![CDATA[03-02-2024T19:10:13 - [TEST_SUITE][PASSED] - TC_amazon_validate_search_item-001: Test Cases/Data_driven_testing/TC_amazon_validate_search_item-001]]></system-out>
      <system-err><![CDATA[]]></system-err>
   </testsuite>
</testsuites>
