<?xml version="1.0" encoding="UTF-8"?>
<testsuites name="TC_amazon_validate_search_item-001" time="109.71" tests="4" failures="0" errors="0">
   <testsuite name="TC_amazon_validate_search_item-001" tests="4" failures="0" errors="0" time="109.71" skipped="0" timestamp="03-02-2024T20:03:14" hostname="ennap - LAPTOP-LI9S114J" id="Test Suites/Data_driven_testing_Test_Suite/TC_amazon_validate_search_item-001">
      <properties>
         <property name="deviceName" value=""/>
         <property name="devicePlatform" value=""/>
         <property name="logFolder" value="C:\\Users\\ennap\\git\\Katalon_Automation_Amazon_testing_SB_001\\Reports\\20240203_200310\\Data_driven_testing_Test_Suite\\TC_amazon_validate_search_item-001\\20240203_200310"/>
         <property name="logFiles" value="C:\\Users\\ennap\\git\\Katalon_Automation_Amazon_testing_SB_001\\Reports\\20240203_200310\\Data_driven_testing_Test_Suite\\TC_amazon_validate_search_item-001\\20240203_200310\\execution0.log"/>
         <property name="attachments" value=""/>
         <property name="hostName" value="ennap - LAPTOP-LI9S114J"/>
         <property name="os" value="Windows 11 64bit"/>
         <property name="katalonVersion" value="9.2.0.212"/>
         <property name="browser" value="Chrome 121.0.0.0"/>
         <property name="hostAddress" value="192.168.1.13"/>
         <property name="sessionId" value="d0817cdd0ec026e764d438b8c35dad20"/>
         <property name="seleniumVersion" value="3.141.59"/>
         <property name="proxyInformation" value="ProxyInformation { proxyOption=NO_PROXY, proxyServerType=HTTP, username=, password=********, proxyServerAddress=, proxyServerPort=0, executionList=&quot;&quot;, isApplyToDesiredCapabilities=true }"/>
         <property name="platform" value="Windows 11"/>
      </properties>
      <testcase name="Test Cases/Data_driven_testing/TC_amazon_validate_search_item-001" time="28.766" classname="Test Cases/Data_driven_testing/TC_amazon_validate_search_item-001" status="PASSED">
         <system-out><![CDATA[03-02-2024T20:03:14 - [TEST_CASE][PASSED] - Test Cases/Data_driven_testing/TC_amazon_validate_search_item-001: Test Cases/Data_driven_testing/TC_amazon_validate_search_item-001

03-02-2024T20:03:14 - [TEST_STEP][PASSED] - openBrowser(""): Browser is opened with url: ''

03-02-2024T20:03:14 - [MESSAGE][INFO] - Starting 'Chrome' driver

03-02-2024T20:03:14 - [MESSAGE][INFO] - Action delay is set to 0 milliseconds

03-02-2024T20:03:16 - [MESSAGE][PASSED] - Browser is opened with url: ''

03-02-2024T20:03:16 - [TEST_STEP][PASSED] - navigateToUrl("https://www.amazon.com/"): Navigate to 'https://www.amazon.com/' successfully

03-02-2024T20:03:17 - [MESSAGE][PASSED] - Navigate to 'https://www.amazon.com/' successfully

03-02-2024T20:03:17 - [TEST_STEP][PASSED] - selectOptionByLabel(findTestObject("Object Repository/AmazonPages_searchOR/Page_Amazon.com. Spend less. Smile more/select_All Departments        Arts  Crafts _135c92"), category, false): All options with label 'Books' are selected in object 'Object Repository/AmazonPages_searchOR/Page_Amazon.com. Spend less. Smile more/select_All Departments        Arts  Crafts _135c92' 

03-02-2024T20:03:34 - [MESSAGE][PASSED] - All options with label 'Books' are selected in object 'Object Repository/AmazonPages_searchOR/Page_Amazon.com. Spend less. Smile more/select_All Departments        Arts  Crafts _135c92' 

03-02-2024T20:03:34 - [TEST_STEP][PASSED] - setText(findTestObject("Object Repository/AmazonPages_searchOR/Page_Amazon.com. Spend less. Smile more/input_field-keywords"), Item): Text 'Da vinci code' is set on object 'Object Repository/AmazonPages_searchOR/Page_Amazon.com. Spend less. Smile more/input_field-keywords'

03-02-2024T20:03:35 - [MESSAGE][PASSED] - Text 'Da vinci code' is set on object 'Object Repository/AmazonPages_searchOR/Page_Amazon.com. Spend less. Smile more/input_field-keywords'

03-02-2024T20:03:35 - [TEST_STEP][PASSED] - click(findTestObject("Object Repository/AmazonPages_searchOR/Page_Amazon.com. Spend less. Smile more/inputnav-search-submit-button")): Object: 'Object Repository/AmazonPages_searchOR/Page_Amazon.com. Spend less. Smile more/inputnav-search-submit-button' is clicked on

03-02-2024T20:03:42 - [MESSAGE][PASSED] - Object: 'Object Repository/AmazonPages_searchOR/Page_Amazon.com. Spend less. Smile more/inputnav-search-submit-button' is clicked on

03-02-2024T20:03:42 - [TEST_STEP][PASSED] - closeBrowser(): Browser is closed

03-02-2024T20:03:43 - [MESSAGE][PASSED] - Browser is closed]]></system-out>
         <system-err><![CDATA[]]></system-err>
      </testcase>
      <testcase name="Test Cases/Data_driven_testing/TC_amazon_validate_search_item-001" time="27.29" classname="Test Cases/Data_driven_testing/TC_amazon_validate_search_item-001" status="PASSED">
         <system-out><![CDATA[03-02-2024T20:03:43 - [TEST_CASE][PASSED] - Test Cases/Data_driven_testing/TC_amazon_validate_search_item-001: Test Cases/Data_driven_testing/TC_amazon_validate_search_item-001

03-02-2024T20:03:43 - [TEST_STEP][PASSED] - openBrowser(""): Browser is opened with url: ''

03-02-2024T20:03:43 - [MESSAGE][INFO] - Starting 'Chrome' driver

03-02-2024T20:03:43 - [MESSAGE][INFO] - Action delay is set to 0 milliseconds

03-02-2024T20:03:43 - [MESSAGE][PASSED] - Browser is opened with url: ''

03-02-2024T20:03:43 - [TEST_STEP][PASSED] - navigateToUrl("https://www.amazon.com/"): Navigate to 'https://www.amazon.com/' successfully

03-02-2024T20:03:45 - [MESSAGE][PASSED] - Navigate to 'https://www.amazon.com/' successfully

03-02-2024T20:03:45 - [TEST_STEP][PASSED] - selectOptionByLabel(findTestObject("Object Repository/AmazonPages_searchOR/Page_Amazon.com. Spend less. Smile more/select_All Departments        Arts  Crafts _135c92"), category, false): All options with label 'Electronics' are selected in object 'Object Repository/AmazonPages_searchOR/Page_Amazon.com. Spend less. Smile more/select_All Departments        Arts  Crafts _135c92' 

03-02-2024T20:04:03 - [MESSAGE][PASSED] - All options with label 'Electronics' are selected in object 'Object Repository/AmazonPages_searchOR/Page_Amazon.com. Spend less. Smile more/select_All Departments        Arts  Crafts _135c92' 

03-02-2024T20:04:03 - [TEST_STEP][PASSED] - setText(findTestObject("Object Repository/AmazonPages_searchOR/Page_Amazon.com. Spend less. Smile more/input_field-keywords"), Item): Text 'Mobile phones' is set on object 'Object Repository/AmazonPages_searchOR/Page_Amazon.com. Spend less. Smile more/input_field-keywords'

03-02-2024T20:04:05 - [MESSAGE][PASSED] - Text 'Mobile phones' is set on object 'Object Repository/AmazonPages_searchOR/Page_Amazon.com. Spend less. Smile more/input_field-keywords'

03-02-2024T20:04:05 - [TEST_STEP][PASSED] - click(findTestObject("Object Repository/AmazonPages_searchOR/Page_Amazon.com. Spend less. Smile more/inputnav-search-submit-button")): Object: 'Object Repository/AmazonPages_searchOR/Page_Amazon.com. Spend less. Smile more/inputnav-search-submit-button' is clicked on

03-02-2024T20:04:10 - [MESSAGE][PASSED] - Object: 'Object Repository/AmazonPages_searchOR/Page_Amazon.com. Spend less. Smile more/inputnav-search-submit-button' is clicked on

03-02-2024T20:04:10 - [TEST_STEP][PASSED] - closeBrowser(): Browser is closed

03-02-2024T20:04:10 - [MESSAGE][PASSED] - Browser is closed]]></system-out>
         <system-err><![CDATA[]]></system-err>
      </testcase>
      <testcase name="Test Cases/Data_driven_testing/TC_amazon_validate_search_item-001" time="24.775" classname="Test Cases/Data_driven_testing/TC_amazon_validate_search_item-001" status="PASSED">
         <system-out><![CDATA[03-02-2024T20:04:10 - [TEST_CASE][PASSED] - Test Cases/Data_driven_testing/TC_amazon_validate_search_item-001: Test Cases/Data_driven_testing/TC_amazon_validate_search_item-001

03-02-2024T20:04:10 - [TEST_STEP][PASSED] - openBrowser(""): Browser is opened with url: ''

03-02-2024T20:04:10 - [MESSAGE][INFO] - Starting 'Chrome' driver

03-02-2024T20:04:10 - [MESSAGE][INFO] - Action delay is set to 0 milliseconds

03-02-2024T20:04:11 - [MESSAGE][PASSED] - Browser is opened with url: ''

03-02-2024T20:04:11 - [TEST_STEP][PASSED] - navigateToUrl("https://www.amazon.com/"): Navigate to 'https://www.amazon.com/' successfully

03-02-2024T20:04:12 - [MESSAGE][PASSED] - Navigate to 'https://www.amazon.com/' successfully

03-02-2024T20:04:12 - [TEST_STEP][PASSED] - selectOptionByLabel(findTestObject("Object Repository/AmazonPages_searchOR/Page_Amazon.com. Spend less. Smile more/select_All Departments        Arts  Crafts _135c92"), category, false): All options with label 'Baby' are selected in object 'Object Repository/AmazonPages_searchOR/Page_Amazon.com. Spend less. Smile more/select_All Departments        Arts  Crafts _135c92' 

03-02-2024T20:04:26 - [MESSAGE][PASSED] - All options with label 'Baby' are selected in object 'Object Repository/AmazonPages_searchOR/Page_Amazon.com. Spend less. Smile more/select_All Departments        Arts  Crafts _135c92' 

03-02-2024T20:04:26 - [TEST_STEP][PASSED] - setText(findTestObject("Object Repository/AmazonPages_searchOR/Page_Amazon.com. Spend less. Smile more/input_field-keywords"), Item): Text 'walkers' is set on object 'Object Repository/AmazonPages_searchOR/Page_Amazon.com. Spend less. Smile more/input_field-keywords'

03-02-2024T20:04:29 - [MESSAGE][PASSED] - Text 'walkers' is set on object 'Object Repository/AmazonPages_searchOR/Page_Amazon.com. Spend less. Smile more/input_field-keywords'

03-02-2024T20:04:29 - [TEST_STEP][PASSED] - click(findTestObject("Object Repository/AmazonPages_searchOR/Page_Amazon.com. Spend less. Smile more/inputnav-search-submit-button")): Object: 'Object Repository/AmazonPages_searchOR/Page_Amazon.com. Spend less. Smile more/inputnav-search-submit-button' is clicked on

03-02-2024T20:04:35 - [MESSAGE][PASSED] - Object: 'Object Repository/AmazonPages_searchOR/Page_Amazon.com. Spend less. Smile more/inputnav-search-submit-button' is clicked on

03-02-2024T20:04:35 - [TEST_STEP][PASSED] - closeBrowser(): Browser is closed

03-02-2024T20:04:35 - [MESSAGE][PASSED] - Browser is closed]]></system-out>
         <system-err><![CDATA[]]></system-err>
      </testcase>
      <testcase name="Test Cases/Data_driven_testing/TC_amazon_validate_search_item-001" time="28.571" classname="Test Cases/Data_driven_testing/TC_amazon_validate_search_item-001" status="PASSED">
         <system-out><![CDATA[03-02-2024T20:04:35 - [TEST_CASE][PASSED] - Test Cases/Data_driven_testing/TC_amazon_validate_search_item-001: Test Cases/Data_driven_testing/TC_amazon_validate_search_item-001

03-02-2024T20:04:35 - [TEST_STEP][PASSED] - openBrowser(""): Browser is opened with url: ''

03-02-2024T20:04:35 - [MESSAGE][INFO] - Starting 'Chrome' driver

03-02-2024T20:04:35 - [MESSAGE][INFO] - Action delay is set to 0 milliseconds

03-02-2024T20:04:35 - [MESSAGE][PASSED] - Browser is opened with url: ''

03-02-2024T20:04:35 - [TEST_STEP][PASSED] - navigateToUrl("https://www.amazon.com/"): Navigate to 'https://www.amazon.com/' successfully

03-02-2024T20:04:37 - [MESSAGE][PASSED] - Navigate to 'https://www.amazon.com/' successfully

03-02-2024T20:04:37 - [TEST_STEP][PASSED] - selectOptionByLabel(findTestObject("Object Repository/AmazonPages_searchOR/Page_Amazon.com. Spend less. Smile more/select_All Departments        Arts  Crafts _135c92"), category, false): All options with label 'Luggage' are selected in object 'Object Repository/AmazonPages_searchOR/Page_Amazon.com. Spend less. Smile more/select_All Departments        Arts  Crafts _135c92' 

03-02-2024T20:04:56 - [MESSAGE][PASSED] - All options with label 'Luggage' are selected in object 'Object Repository/AmazonPages_searchOR/Page_Amazon.com. Spend less. Smile more/select_All Departments        Arts  Crafts _135c92' 

03-02-2024T20:04:56 - [TEST_STEP][PASSED] - setText(findTestObject("Object Repository/AmazonPages_searchOR/Page_Amazon.com. Spend less. Smile more/input_field-keywords"), Item): Text 'bags' is set on object 'Object Repository/AmazonPages_searchOR/Page_Amazon.com. Spend less. Smile more/input_field-keywords'

03-02-2024T20:04:58 - [MESSAGE][PASSED] - Text 'bags' is set on object 'Object Repository/AmazonPages_searchOR/Page_Amazon.com. Spend less. Smile more/input_field-keywords'

03-02-2024T20:04:58 - [TEST_STEP][PASSED] - click(findTestObject("Object Repository/AmazonPages_searchOR/Page_Amazon.com. Spend less. Smile more/inputnav-search-submit-button")): Object: 'Object Repository/AmazonPages_searchOR/Page_Amazon.com. Spend less. Smile more/inputnav-search-submit-button' is clicked on

03-02-2024T20:05:03 - [MESSAGE][PASSED] - Object: 'Object Repository/AmazonPages_searchOR/Page_Amazon.com. Spend less. Smile more/inputnav-search-submit-button' is clicked on

03-02-2024T20:05:03 - [TEST_STEP][PASSED] - closeBrowser(): Browser is closed

03-02-2024T20:05:03 - [MESSAGE][PASSED] - Browser is closed]]></system-out>
         <system-err><![CDATA[]]></system-err>
      </testcase>
      <system-out><![CDATA[03-02-2024T20:03:14 - [TEST_SUITE][PASSED] - TC_amazon_validate_search_item-001: Test Cases/Data_driven_testing/TC_amazon_validate_search_item-001]]></system-out>
      <system-err><![CDATA[]]></system-err>
   </testsuite>
</testsuites>
