<?xml version="1.0" encoding="UTF-8"?>
<testsuites name="TC_Amazon_validating_ListOfCountries_footerlinks-003" time="40.772" tests="1" failures="0" errors="0">
   <testsuite name="TC_Amazon_validating_ListOfCountries_footerlinks-003" tests="1" failures="0" errors="0" time="40.772" skipped="0" timestamp="04-02-2024T21:20:38" hostname="ennap - LAPTOP-LI9S114J" id="Test Suites/Testlistener_Testsuites/TC_Amazon_validating_ListOfCountries_footerlinks-003">
      <properties>
         <property name="deviceName" value=""/>
         <property name="devicePlatform" value=""/>
         <property name="logFolder" value="C:\\Users\\ennap\\git\\Katalon_Automation_Amazon_testing_SB_001\\Reports\\20240204_212028\\Testlistener_Testsuites\\TC_Amazon_validating_ListOfCountries_footerlinks-003\\20240204_212034"/>
         <property name="logFiles" value="C:\\Users\\ennap\\git\\Katalon_Automation_Amazon_testing_SB_001\\Reports\\20240204_212028\\Testlistener_Testsuites\\TC_Amazon_validating_ListOfCountries_footerlinks-003\\20240204_212034\\execution0.log"/>
         <property name="attachments" value=""/>
         <property name="hostName" value="ennap - LAPTOP-LI9S114J"/>
         <property name="os" value="Windows 11 64bit"/>
         <property name="katalonVersion" value="9.3.0.212"/>
         <property name="browser" value="Chrome 121.0.0.0"/>
         <property name="hostAddress" value="192.168.1.13"/>
         <property name="sessionId" value="1db78f02ce04faa3d27ee507a3a7bc35"/>
         <property name="seleniumVersion" value="3.141.59"/>
         <property name="proxyInformation" value="ProxyInformation { proxyOption=NO_PROXY, proxyServerType=HTTP, username=, password=********, proxyServerAddress=, proxyServerPort=0, executionList=&quot;&quot;, isApplyToDesiredCapabilities=true }"/>
         <property name="platform" value="Windows 11"/>
      </properties>
      <testcase name="Test Cases/Amazon_testcases/TC_Amazon_validating_ListOfCountries_footerlinks-003" time="36.387" classname="Test Cases/Amazon_testcases/TC_Amazon_validating_ListOfCountries_footerlinks-003" status="PASSED">
         <system-out><![CDATA[04-02-2024T21:20:42 - [TEST_CASE][PASSED] - Test Cases/Amazon_testcases/TC_Amazon_validating_ListOfCountries_footerlinks-003: Test Cases/Amazon_testcases/TC_Amazon_validating_ListOfCountries_footerlinks-003

04-02-2024T21:20:42 - [TEST_STEP][PASSED] - Start listener action : sampleBeforeTestCase: Object: 'Object Repository/AmazonPages_Footerlinks_OR/Page_Amazon Sign-In/inputsignInSubmit' is clicked on

04-02-2024T21:20:42 - [TEST_STEP][PASSED] - click(findTestObject("Object Repository/AmazonPages_Footerlinks_OR/Page_Amazon.com. Spend less. Smile more/span_Account  Lists")): Object: 'Object Repository/AmazonPages_Footerlinks_OR/Page_Amazon.com. Spend less. Smile more/span_Account  Lists' is clicked on

04-02-2024T21:21:06 - [MESSAGE][PASSED] - Object: 'Object Repository/AmazonPages_Footerlinks_OR/Page_Amazon.com. Spend less. Smile more/span_Account  Lists' is clicked on

04-02-2024T21:21:06 - [TEST_STEP][PASSED] - setText(findTestObject("Object Repository/AmazonPages_Footerlinks_OR/Page_Amazon Sign-In/input_email"), "9346590191"): Text '9346590191' is set on object 'Object Repository/AmazonPages_Footerlinks_OR/Page_Amazon Sign-In/input_email'

04-02-2024T21:21:08 - [MESSAGE][PASSED] - Text '9346590191' is set on object 'Object Repository/AmazonPages_Footerlinks_OR/Page_Amazon Sign-In/input_email'

04-02-2024T21:21:08 - [TEST_STEP][PASSED] - click(findTestObject("Object Repository/AmazonPages_Footerlinks_OR/Page_Amazon Sign-In/inputcontinue")): Object: 'Object Repository/AmazonPages_Footerlinks_OR/Page_Amazon Sign-In/inputcontinue' is clicked on

04-02-2024T21:21:10 - [MESSAGE][PASSED] - Object: 'Object Repository/AmazonPages_Footerlinks_OR/Page_Amazon Sign-In/inputcontinue' is clicked on

04-02-2024T21:21:10 - [TEST_STEP][PASSED] - setEncryptedText(findTestObject("Object Repository/AmazonPages_Footerlinks_OR/Page_Amazon Sign-In/input_password"), "E7HzuEZzy+y2wNtDF6Y9RQ=="): Text ****** has been set on object 'Object Repository/AmazonPages_Footerlinks_OR/Page_Amazon Sign-In/input_password'

04-02-2024T21:21:11 - [MESSAGE][PASSED] - Text ****** has been set on object 'Object Repository/AmazonPages_Footerlinks_OR/Page_Amazon Sign-In/input_password'

04-02-2024T21:21:11 - [TEST_STEP][PASSED] - click(findTestObject("Object Repository/AmazonPages_Footerlinks_OR/Page_Amazon Sign-In/inputsignInSubmit")): Object: 'Object Repository/AmazonPages_Footerlinks_OR/Page_Amazon Sign-In/inputsignInSubmit' is clicked on

04-02-2024T21:21:11 - [MESSAGE][PASSED] - Object: 'Object Repository/AmazonPages_Footerlinks_OR/Page_Amazon Sign-In/inputsignInSubmit' is clicked on

04-02-2024T21:21:11 - [TEST_STEP][PASSED] - verifyElementPresent(findTestObject("Object Repository/AmazonPages_ListOfCountries_OR/Page_Amazon.com. Spend less. Smile more/a_United States"), 0): Object 'Object Repository/AmazonPages_ListOfCountries_OR/Page_Amazon.com. Spend less. Smile more/a_United States' is present

04-02-2024T21:21:11 - [MESSAGE][WARNING] - Timeout '0' is invalid. Using default page load timeout: '30'

04-02-2024T21:21:15 - [MESSAGE][PASSED] - Object 'Object Repository/AmazonPages_ListOfCountries_OR/Page_Amazon.com. Spend less. Smile more/a_United States' is present

04-02-2024T21:21:15 - [TEST_STEP][PASSED] - Start listener action : sampleAfterTestCase: Object: 'Object Repository/AmazonPages_Footerlinks_OR/Page_Amazon.com. Spend less. Smile more/a_Sign Out' is clicked on

04-02-2024T21:21:15 - [TEST_STEP][PASSED] - click(findTestObject("Object Repository/AmazonPages_Footerlinks_OR/Page_Amazon.com. Spend less. Smile more/a_All")): Object: 'Object Repository/AmazonPages_Footerlinks_OR/Page_Amazon.com. Spend less. Smile more/a_All' is clicked on

04-02-2024T21:21:15 - [MESSAGE][PASSED] - Object: 'Object Repository/AmazonPages_Footerlinks_OR/Page_Amazon.com. Spend less. Smile more/a_All' is clicked on

04-02-2024T21:21:15 - [TEST_STEP][PASSED] - click(findTestObject("Object Repository/AmazonPages_Footerlinks_OR/Page_Amazon.com. Spend less. Smile more/a_Sign Out")): Object: 'Object Repository/AmazonPages_Footerlinks_OR/Page_Amazon.com. Spend less. Smile more/a_Sign Out' is clicked on

04-02-2024T21:21:18 - [MESSAGE][PASSED] - Object: 'Object Repository/AmazonPages_Footerlinks_OR/Page_Amazon.com. Spend less. Smile more/a_Sign Out' is clicked on]]></system-out>
         <system-err><![CDATA[]]></system-err>
      </testcase>
      <system-out><![CDATA[04-02-2024T21:20:38 - [TEST_SUITE][PASSED] - TC_Amazon_validating_ListOfCountries_footerlinks-003: Test Cases/Amazon_testcases/TC_Amazon_validating_ListOfCountries_footerlinks-003]]></system-out>
      <system-err><![CDATA[]]></system-err>
   </testsuite>
</testsuites>
